C:\USERS\ADMINISTRATOR\DOCUMENTS\VISUAL STUDIO 2010\PROJECTS\SELF_COMPILER\DEBUG\SELF_COMPILER.EXE
C:\USERS\ADMINISTRATOR\DOCUMENTS\VISUAL STUDIO 2010\PROJECTS\SELF_COMPILER\DEBUG\SELF_COMPILER.EXE.MANIFEST
C:\USERS\ADMINISTRATOR\DOCUMENTS\VISUAL STUDIO 2010\PROJECTS\SELF_COMPILER\DEBUG\SELF_COMPILER.ILK
C:\USERS\ADMINISTRATOR\DOCUMENTS\VISUAL STUDIO 2010\PROJECTS\SELF_COMPILER\DEBUG\SELF_COMPILER.PDB
C:\Users\Administrator\documents\visual studio 2010\Projects\self_compiler\self_compiler\Debug\cl.command.1.tlog
C:\Users\Administrator\documents\visual studio 2010\Projects\self_compiler\self_compiler\Debug\CL.read.1.tlog
C:\Users\Administrator\documents\visual studio 2010\Projects\self_compiler\self_compiler\Debug\CL.write.1.tlog
C:\USERS\ADMINISTRATOR\DOCUMENTS\VISUAL STUDIO 2010\PROJECTS\SELF_COMPILER\SELF_COMPILER\DEBUG\ERRORHANDLER.OBJ
C:\Users\Administrator\documents\visual studio 2010\Projects\self_compiler\self_compiler\Debug\link.command.1.tlog
C:\Users\Administrator\documents\visual studio 2010\Projects\self_compiler\self_compiler\Debug\link.read.1.tlog
C:\Users\Administrator\documents\visual studio 2010\Projects\self_compiler\self_compiler\Debug\link.write.1.tlog
C:\USERS\ADMINISTRATOR\DOCUMENTS\VISUAL STUDIO 2010\PROJECTS\SELF_COMPILER\SELF_COMPILER\DEBUG\MIDDLECODE.OBJ
C:\USERS\ADMINISTRATOR\DOCUMENTS\VISUAL STUDIO 2010\PROJECTS\SELF_COMPILER\SELF_COMPILER\DEBUG\MIPSCODE.OBJ
C:\Users\Administrator\documents\visual studio 2010\Projects\self_compiler\self_compiler\Debug\mt.command.1.tlog
C:\Users\Administrator\documents\visual studio 2010\Projects\self_compiler\self_compiler\Debug\mt.read.1.tlog
C:\Users\Administrator\documents\visual studio 2010\Projects\self_compiler\self_compiler\Debug\mt.write.1.tlog
C:\USERS\ADMINISTRATOR\DOCUMENTS\VISUAL STUDIO 2010\PROJECTS\SELF_COMPILER\SELF_COMPILER\DEBUG\OPTIMIZE.OBJ
C:\USERS\ADMINISTRATOR\DOCUMENTS\VISUAL STUDIO 2010\PROJECTS\SELF_COMPILER\SELF_COMPILER\DEBUG\PRASER.OBJ
C:\USERS\ADMINISTRATOR\DOCUMENTS\VISUAL STUDIO 2010\PROJECTS\SELF_COMPILER\SELF_COMPILER\DEBUG\SELF_COMPILER.EXE.INTERMEDIATE.MANIFEST
C:\Users\Administrator\documents\visual studio 2010\Projects\self_compiler\self_compiler\Debug\self_compiler.write.1.tlog
C:\USERS\ADMINISTRATOR\DOCUMENTS\VISUAL STUDIO 2010\PROJECTS\SELF_COMPILER\SELF_COMPILER\DEBUG\SYMBOLTABLE.OBJ
C:\USERS\ADMINISTRATOR\DOCUMENTS\VISUAL STUDIO 2010\PROJECTS\SELF_COMPILER\SELF_COMPILER\DEBUG\TRA_MIPSCODE.OBJ
C:\Users\Administrator\documents\visual studio 2010\Projects\self_compiler\self_compiler\Debug\vc100.idb
C:\USERS\ADMINISTRATOR\DOCUMENTS\VISUAL STUDIO 2010\PROJECTS\SELF_COMPILER\SELF_COMPILER\DEBUG\VC100.PDB
C:\USERS\ADMINISTRATOR\DOCUMENTS\VISUAL STUDIO 2010\PROJECTS\SELF_COMPILER\SELF_COMPILER\DEBUG\WORD_ANALYZE.OBJ
